<?xml version="1.0" encoding="UTF-8"?>
<!-- Generated by org.testng.reporters.JUnitReportReporter -->
<testsuite hostname="DESKTOP-7UK22H3" failures="0" tests="1" name="testCases.TC_001_AccountRegistraion" time="7.949" errors="0" timestamp="2024-10-23T19:40:10 IST" skipped="0">
  <testcase classname="testCases.TC_001_AccountRegistraion" name="test_account_registration" time="7.949"/>
</testsuite> <!-- testCases.TC_001_AccountRegistraion -->
