<?xml version="1.0" encoding="UTF-8"?>
<!-- Generated by org.testng.reporters.JUnitReportReporter -->
<testsuite hostname="DESKTOP-7UK22H3" failures="0" tests="1" name="testCases.TC_002_LoginTest" time="8.322" errors="0" timestamp="2024-10-23T19:40:10 IST" skipped="0">
  <testcase classname="testCases.TC_002_LoginTest" name="verifyLogin" time="8.322"/>
</testsuite> <!-- testCases.TC_002_LoginTest -->
